# JRE version: OpenJDK Runtime Environment (8.0_202-b03) (build 1.8.0_202-release-1483-b03)
# Java VM: OpenJDK 64-Bit Server VM (25.202-b03 mixed mode windows-amd64 compressed oops)
Heap:
 PSYoungGen      total 392704K, used 98710K [0x00000000e0000000, 0x00000000fea80000, 0x0000000100000000)
  eden space 300544K, 28% used [0x00000000e0000000,0x00000000e52330c0,0x00000000f2580000)
  from space 92160K, 15% used [0x00000000f2580000,0x00000000f33b27f8,0x00000000f7f80000)
  to   space 88064K, 0% used [0x00000000f9480000,0x00000000f9480000,0x00000000fea80000)
 ParOldGen       total 473088K, used 250432K [0x00000000a0000000, 0x00000000bce00000, 0x00000000e0000000)
  object space 473088K, 52% used [0x00000000a0000000,0x00000000af4902c0,0x00000000bce00000)
 Metaspace       used 96975K, capacity 102872K, committed 103000K, reserved 1138688K
  class space    used 12498K, capacity 13616K, committed 13696K, reserved 1048576K
GC Heap History (10 events):
Event: 744.213 GC heap before
{Heap before GC invocations=23 (full 4):
 PSYoungGen      total 295424K, used 295403K [0x00000000e0000000, 0x00000000fd700000, 0x0000000100000000)
  eden space 238592K, 100% used [0x00000000e0000000,0x00000000ee900000,0x00000000ee900000)
  from space 56832K, 99% used [0x00000000f4c80000,0x00000000f83fadc0,0x00000000f8400000)
  to   space 101888K, 0% used [0x00000000ee900000,0x00000000ee900000,0x00000000f4c80000)
 ParOldGen       total 473088K, used 247997K [0x00000000a0000000, 0x00000000bce00000, 0x00000000e0000000)
  object space 473088K, 52% used [0x00000000a0000000,0x00000000af22f550,0x00000000bce00000)
 Metaspace       used 93230K, capacity 98190K, committed 98392K, reserved 1134592K
  class space    used 12137K, capacity 13122K, committed 13184K, reserved 1048576K
Event: 744.542 GC heap after
Heap after GC invocations=23 (full 4):
 PSYoungGen      total 340480K, used 6233K [0x00000000e0000000, 0x00000000fd400000, 0x0000000100000000)
  eden space 238592K, 0% used [0x00000000e0000000,0x00000000e0000000,0x00000000ee900000)
  from space 101888K, 6% used [0x00000000ee900000,0x00000000eef16670,0x00000000f4c80000)
  to   space 100864K, 0% used [0x00000000f7180000,0x00000000f7180000,0x00000000fd400000)
 ParOldGen       total 473088K, used 250400K [0x00000000a0000000, 0x00000000bce00000, 0x00000000e0000000)
  object space 473088K, 52% used [0x00000000a0000000,0x00000000af4882c0,0x00000000bce00000)
 Metaspace       used 93230K, capacity 98190K, committed 98392K, reserved 1134592K
  class space    used 12137K, capacity 13122K, committed 13184K, reserved 1048576K
}
Event: 850.172 GC heap before
{Heap before GC invocations=24 (full 4):
 PSYoungGen      total 340480K, used 244825K [0x00000000e0000000, 0x00000000fd400000, 0x0000000100000000)
  eden space 238592K, 100% used [0x00000000e0000000,0x00000000ee900000,0x00000000ee900000)
  from space 101888K, 6% used [0x00000000ee900000,0x00000000eef16670,0x00000000f4c80000)
  to   space 100864K, 0% used [0x00000000f7180000,0x00000000f7180000,0x00000000fd400000)
 ParOldGen       total 473088K, used 250400K [0x00000000a0000000, 0x00000000bce00000, 0x00000000e0000000)
  object space 473088K, 52% used [0x00000000a0000000,0x00000000af4882c0,0x00000000bce00000)
 Metaspace       used 95025K, capacity 100046K, committed 100312K, reserved 1136640K
  class space    used 12313K, capacity 13298K, committed 13312K, reserved 1048576K
Event: 850.376 GC heap after
Heap after GC invocations=24 (full 4):
 PSYoungGen      total 363008K, used 8498K [0x00000000e0000000, 0x00000000fca00000, 0x0000000100000000)
  eden space 272384K, 0% used [0x00000000e0000000,0x00000000e0000000,0x00000000f0a00000)
  from space 90624K, 9% used [0x00000000f7180000,0x00000000f79ccae8,0x00000000fca00000)
  to   space 98304K, 0% used [0x00000000f0a00000,0x00000000f0a00000,0x00000000f6a00000)
 ParOldGen       total 473088K, used 250408K [0x00000000a0000000, 0x00000000bce00000, 0x00000000e0000000)
  object space 473088K, 52% used [0x00000000a0000000,0x00000000af48a2c0,0x00000000bce00000)
 Metaspace       used 95025K, capacity 100046K, committed 100312K, reserved 1136640K
  class space    used 12313K, capacity 13298K, committed 13312K, reserved 1048576K
}
Event: 863.771 GC heap before
{Heap before GC invocations=25 (full 4):
 PSYoungGen      total 363008K, used 280882K [0x00000000e0000000, 0x00000000fca00000, 0x0000000100000000)
  eden space 272384K, 100% used [0x00000000e0000000,0x00000000f0a00000,0x00000000f0a00000)
  from space 90624K, 9% used [0x00000000f7180000,0x00000000f79ccae8,0x00000000fca00000)
  to   space 98304K, 0% used [0x00000000f0a00000,0x00000000f0a00000,0x00000000f6a00000)
 ParOldGen       total 473088K, used 250408K [0x00000000a0000000, 0x00000000bce00000, 0x00000000e0000000)
  object space 473088K, 52% used [0x00000000a0000000,0x00000000af48a2c0,0x00000000bce00000)
 Metaspace       used 95210K, capacity 100306K, committed 100440K, reserved 1136640K
  class space    used 12325K, capacity 13336K, committed 13440K, reserved 1048576K
Event: 863.798 GC heap after
Heap after GC invocations=25 (full 4):
 PSYoungGen      total 370688K, used 3658K [0x00000000e0000000, 0x00000000fe700000, 0x0000000100000000)
  eden space 272384K, 0% used [0x00000000e0000000,0x00000000e0000000,0x00000000f0a00000)
  from space 98304K, 3% used [0x00000000f0a00000,0x00000000f0d92a30,0x00000000f6a00000)
  to   space 96768K, 0% used [0x00000000f8880000,0x00000000f8880000,0x00000000fe700000)
 ParOldGen       total 473088K, used 250416K [0x00000000a0000000, 0x00000000bce00000, 0x00000000e0000000)
  object space 473088K, 52% used [0x00000000a0000000,0x00000000af48c2c0,0x00000000bce00000)
 Metaspace       used 95210K, capacity 100306K, committed 100440K, reserved 1136640K
  class space    used 12325K, capacity 13336K, committed 13440K, reserved 1048576K
}
Event: 899.649 GC heap before
{Heap before GC invocations=26 (full 4):
 PSYoungGen      total 370688K, used 274772K [0x00000000e0000000, 0x00000000fe700000, 0x0000000100000000)
  eden space 272384K, 99% used [0x00000000e0000000,0x00000000f08c26f0,0x00000000f0a00000)
  from space 98304K, 3% used [0x00000000f0a00000,0x00000000f0d92a30,0x00000000f6a00000)
  to   space 96768K, 0% used [0x00000000f8880000,0x00000000f8880000,0x00000000fe700000)
 ParOldGen       total 473088K, used 250416K [0x00000000a0000000, 0x00000000bce00000, 0x00000000e0000000)
  object space 473088K, 52% used [0x00000000a0000000,0x00000000af48c2c0,0x00000000bce00000)
 Metaspace       used 96456K, capacity 102208K, committed 102488K, reserved 1138688K
  class space    used 12475K, capacity 13572K, committed 13696K, reserved 1048576K
Event: 899.752 GC heap after
Heap after GC invocations=26 (full 4):
 PSYoungGen      total 383488K, used 17470K [0x00000000e0000000, 0x00000000fd980000, 0x0000000100000000)
  eden space 300544K, 0% used [0x00000000e0000000,0x00000000e0000000,0x00000000f2580000)
  from space 82944K, 21% used [0x00000000f8880000,0x00000000f998f990,0x00000000fd980000)
  to   space 92160K, 0% used [0x00000000f2580000,0x00000000f2580000,0x00000000f7f80000)
 ParOldGen       total 473088K, used 250424K [0x00000000a0000000, 0x00000000bce00000, 0x00000000e0000000)
  object space 473088K, 52% used [0x00000000a0000000,0x00000000af48e2c0,0x00000000bce00000)
 Metaspace       used 96456K, capacity 102208K, committed 102488K, reserved 1138688K
  class space    used 12475K, capacity 13572K, committed 13696K, reserved 1048576K
}
Event: 1155.075 GC heap before
{Heap before GC invocations=27 (full 4):
 PSYoungGen      total 383488K, used 318014K [0x00000000e0000000, 0x00000000fd980000, 0x0000000100000000)
  eden space 300544K, 100% used [0x00000000e0000000,0x00000000f2580000,0x00000000f2580000)
  from space 82944K, 21% used [0x00000000f8880000,0x00000000f998f990,0x00000000fd980000)
  to   space 92160K, 0% used [0x00000000f2580000,0x00000000f2580000,0x00000000f7f80000)
 ParOldGen       total 473088K, used 250424K [0x00000000a0000000, 0x00000000bce00000, 0x00000000e0000000)
  object space 473088K, 52% used [0x00000000a0000000,0x00000000af48e2c0,0x00000000bce00000)
 Metaspace       used 96823K, capacity 102666K, committed 103000K, reserved 1138688K
  class space    used 12498K, capacity 13615K, committed 13696K, reserved 1048576K
Event: 1155.272 GC heap after
Heap after GC invocations=27 (full 4):
 PSYoungGen      total 392704K, used 14537K [0x00000000e0000000, 0x00000000fea80000, 0x0000000100000000)
  eden space 300544K, 0% used [0x00000000e0000000,0x00000000e0000000,0x00000000f2580000)
  from space 92160K, 15% used [0x00000000f2580000,0x00000000f33b27f8,0x00000000f7f80000)
  to   space 88064K, 0% used [0x00000000f9480000,0x00000000f9480000,0x00000000fea80000)
 ParOldGen       total 473088K, used 250432K [0x00000000a0000000, 0x00000000bce00000, 0x00000000e0000000)
  object space 473088K, 52% used [0x00000000a0000000,0x00000000af4902c0,0x00000000bce00000)
 Metaspace       used 96823K, capacity 102666K, committed 103000K, reserved 1138688K
  class space    used 12498K, capacity 13615K, committed 13696K, reserved 1048576K
}

